Started GET "/" for ::1 at 2016-11-21 10:21:19 -0800
  [1m[36mActiveRecord::SchemaMigration Load (0.8ms)[0m  [1m[34mSELECT "schema_migrations".* FROM "schema_migrations"[0m
Processing by HomeController#index as HTML
  [1m[36mPet Load (8.2ms)[0m  [1m[34mSELECT "pets".* FROM "pets"[0m
  Rendering home/index.html.erb within layouts/application
  Rendered home/index.html.erb within layouts/application (8.4ms)
Started GET "/" for ::1 at 2016-11-21 10:21:21 -0800
Processing by HomeController#index as HTML
  [1m[36mPet Load (2.2ms)[0m  [1m[34mSELECT "pets".* FROM "pets"[0m
  Rendering home/index.html.erb within layouts/application
  Rendered home/index.html.erb within layouts/application (2.0ms)
Started GET "/home" for ::1 at 2016-11-21 10:21:27 -0800
Processing by HomeController#index as HTML
  [1m[36mPet Load (1.5ms)[0m  [1m[34mSELECT "pets".* FROM "pets"[0m
  Rendering home/index.html.erb within layouts/application
  Rendered home/index.html.erb within layouts/application (1.7ms)
  [1m[36mCACHE (0.0ms)[0m  [1m[34mSELECT "pets".* FROM "pets"[0m
  [1m[36mCACHE (0.0ms)[0m  [1m[34mSELECT "pets".* FROM "pets"[0m
  [1m[36mCACHE (0.0ms)[0m  [1m[34mSELECT "pets".* FROM "pets"[0m
  [1m[36mSighting Load (2.1ms)[0m  [1m[34mSELECT "sightings".* FROM "sightings"[0m
  [1m[36mSighting Load (13.1ms)[0m  [1m[34mSELECT "sightings".* FROM "sightings"[0m
Completed 200 OK in 12994ms (Views: 12886.5ms | ActiveRecord: 31.0ms)


  [1m[36mSighting Load (29.4ms)[0m  [1m[34mSELECT "sightings".* FROM "sightings"[0m
Completed 200 OK in 5536ms (Views: 5501.6ms | ActiveRecord: 27.6ms)


Completed 200 OK in 11200ms (Views: 11159.6ms | ActiveRecord: 31.6ms)


